Determining if the pthread_create exist failed with the following output:
Change Dir: /home/lilei/test/threadpoll_c++11/build/CMakeFiles/CMakeTmp

Run Build Command:"/usr/bin/make" "cmTC_9b96b/fast"
/usr/bin/make -f CMakeFiles/cmTC_9b96b.dir/build.make CMakeFiles/cmTC_9b96b.dir/build
make[1]: Entering directory '/home/lilei/test/threadpoll_c++11/build/CMakeFiles/CMakeTmp'
Building C object CMakeFiles/cmTC_9b96b.dir/CheckSymbolExists.c.o
/usr/bin/gcc    -o CMakeFiles/cmTC_9b96b.dir/CheckSymbolExists.c.o   -c /home/lilei/test/threadpoll_c++11/build/CMakeFiles/CMakeTmp/CheckSymbolExists.c
Linking C executable cmTC_9b96b
/usr/bin/cmake -E cmake_link_script CMakeFiles/cmTC_9b96b.dir/link.txt --verbose=1
/usr/bin/gcc      -rdynamic CMakeFiles/cmTC_9b96b.dir/CheckSymbolExists.c.o  -o cmTC_9b96b 
CMakeFiles/cmTC_9b96b.dir/CheckSymbolExists.c.o: In function `main':
CheckSymbolExists.c:(.text+0x1b): undefined reference to `pthread_create'
collect2: error: ld returned 1 exit status
CMakeFiles/cmTC_9b96b.dir/build.make:97: recipe for target 'cmTC_9b96b' failed
make[1]: *** [cmTC_9b96b] Error 1
make[1]: Leaving directory '/home/lilei/test/threadpoll_c++11/build/CMakeFiles/CMakeTmp'
Makefile:126: recipe for target 'cmTC_9b96b/fast' failed
make: *** [cmTC_9b96b/fast] Error 2

File /home/lilei/test/threadpoll_c++11/build/CMakeFiles/CMakeTmp/CheckSymbolExists.c:
/* */
#include <pthread.h>

int main(int argc, char** argv)
{
  (void)argv;
#ifndef pthread_create
  return ((int*)(&pthread_create))[argc];
#else
  (void)argc;
  return 0;
#endif
}

